This is pdfTeX, Version 3.141592653-2.6-1.40.24 (MiKTeX 21.12) (preloaded format=pdflatex 2022.3.10)  4 JUL 2023 22:24
entering extended mode
 restricted \write18 enabled.
 %&-line parsing enabled.
**"./archery_scoring_table _2.tex"
(archery_scoring_table _2.tex
LaTeX2e <2021-11-15> patch level 1
L3 programming layer <2021-11-22> (D:\MiKTeX\tex/latex/base\article.cls
Document Class: article 2021/10/04 v1.4n Standard LaTeX document class
(D:\MiKTeX\tex/latex/base\size10.clo
File: size10.clo 2021/10/04 v1.4n Standard LaTeX file (size option)
)
\c@part=\count183
\c@section=\count184
\c@subsection=\count185
\c@subsubsection=\count186
\c@paragraph=\count187
\c@subparagraph=\count188
\c@figure=\count189
\c@table=\count190
\abovecaptionskip=\skip47
\belowcaptionskip=\skip48
\bibindent=\dimen138
)
(D:\MiKTeX\tex/latex/geometry\geometry.sty
Package: geometry 2020/01/02 v5.9 Page Geometry

(D:\MiKTeX\tex/latex/graphics\keyval.sty
Package: keyval 2014/10/28 v1.15 key=value parser (DPC)
\KV@toks@=\toks16
)
(D:\MiKTeX\tex/generic/iftex\ifvtex.sty
Package: ifvtex 2019/10/25 v1.7 ifvtex legacy package. Use iftex instead.
 (D:\MiKTeX\tex/generic/iftex\iftex.sty
Package: iftex 2020/03/06 v1.0d TeX engine tests
))
\Gm@cnth=\count191
\Gm@cntv=\count192
\c@Gm@tempcnt=\count193
\Gm@bindingoffset=\dimen139
\Gm@wd@mp=\dimen140
\Gm@odd@mp=\dimen141
\Gm@even@mp=\dimen142
\Gm@layoutwidth=\dimen143
\Gm@layoutheight=\dimen144
\Gm@layouthoffset=\dimen145
\Gm@layoutvoffset=\dimen146
\Gm@dimlist=\toks17
 (D:\MiKTeX\tex/latex/geometry\geometry.cfg))
(D:\MiKTeX\tex/latex/pdfpages\pdfpages.sty
Package: pdfpages 2022/01/29 v0.5u Insert pages of external PDF documents (AM)
 (D:\MiKTeX\tex/latex/base\ifthen.sty
Package: ifthen 2020/11/24 v1.1c Standard LaTeX ifthen package (DPC)
) (D:\MiKTeX\tex/latex/tools\calc.sty
Package: calc 2017/05/25 v4.3 Infix arithmetic (KKT,FJ)
\calc@Acount=\count194
\calc@Bcount=\count195
\calc@Adimen=\dimen147
\calc@Bdimen=\dimen148
\calc@Askip=\skip49
\calc@Bskip=\skip50
LaTeX Info: Redefining \setlength on input line 80.
LaTeX Info: Redefining \addtolength on input line 81.
\calc@Ccount=\count196
\calc@Cskip=\skip51
) (D:\MiKTeX\tex/latex/eso-pic\eso-pic.sty
Package: eso-pic 2020/10/14 v3.0a eso-pic (RN)
\ESO@tempdima=\dimen149
\ESO@tempdimb=\dimen150
(D:\MiKTeX\tex/latex/xcolor\xcolor.sty
Package: xcolor 2021/10/31 v2.13 LaTeX color extensions (UK)

(D:\MiKTeX\tex/latex/graphics-cfg\color.cfg
File: color.cfg 2016/01/02 v1.6 sample color configuration
)
Package xcolor Info: Driver file: pdftex.def on input line 227.

(D:\MiKTeX\tex/latex/graphics-def\pdftex.def
File: pdftex.def 2020/10/05 v1.2a Graphics/color driver for pdftex
)
Package xcolor Info: Model `cmy' substituted by `cmy0' on input line 1352.
Package xcolor Info: Model `hsb' substituted by `rgb' on input line 1356.
Package xcolor Info: Model `RGB' extended on input line 1368.
Package xcolor Info: Model `HTML' substituted by `rgb' on input line 1370.
Package xcolor Info: Model `Hsb' substituted by `hsb' on input line 1371.
Package xcolor Info: Model `tHsb' substituted by `hsb' on input line 1372.
Package xcolor Info: Model `HSB' substituted by `hsb' on input line 1373.
Package xcolor Info: Model `Gray' substituted by `gray' on input line 1374.
Package xcolor Info: Model `wave' substituted by `hsb' on input line 1375.
))
(D:\MiKTeX\tex/latex/graphics\graphicx.sty
Package: graphicx 2021/09/16 v1.2d Enhanced LaTeX Graphics (DPC,SPQR)

(D:\MiKTeX\tex/latex/graphics\graphics.sty
Package: graphics 2021/03/04 v1.4d Standard LaTeX Graphics (DPC,SPQR)

(D:\MiKTeX\tex/latex/graphics\trig.sty
Package: trig 2021/08/11 v1.11 sin cos tan (DPC)
)
(D:\MiKTeX\tex/latex/graphics-cfg\graphics.cfg
File: graphics.cfg 2016/06/04 v1.11 sample graphics configuration
)
Package graphics Info: Driver file: pdftex.def on input line 107.
)
\Gin@req@height=\dimen151
\Gin@req@width=\dimen152
)
\AM@pagewidth=\dimen153
\AM@pageheight=\dimen154
\AM@fboxrule=\dimen155

(D:\MiKTeX\tex/latex/pdfpages\pppdftex.def
File: pppdftex.def 2022/01/29 v0.5u Pdfpages driver for pdfTeX (AM)
)
\pdfpages@includegraphics@status=\count197
\AM@pagebox=\box50
\AM@global@opts=\toks18
\AM@pagecnt=\count198
\AM@toc@title=\toks19
\c@AM@survey=\count199
\AM@templatesizebox=\box51
)
(D:\MiKTeX\tex/latex/l3backend\l3backend-pdftex.def
File: l3backend-pdftex.def 2021-10-18 L3 backend support: PDF output (pdfTeX)
\l__color_backend_stack_int=\count266
\l__pdf_internal_box=\box52
)
(archery_scoring_table _2.aux)
\openout1 = `"archery_scoring_table _2.aux"'.

LaTeX Font Info:    Checking defaults for OML/cmm/m/it on input line 5.
LaTeX Font Info:    ... okay on input line 5.
LaTeX Font Info:    Checking defaults for OMS/cmsy/m/n on input line 5.
LaTeX Font Info:    ... okay on input line 5.
LaTeX Font Info:    Checking defaults for OT1/cmr/m/n on input line 5.
LaTeX Font Info:    ... okay on input line 5.
LaTeX Font Info:    Checking defaults for T1/cmr/m/n on input line 5.
LaTeX Font Info:    ... okay on input line 5.
LaTeX Font Info:    Checking defaults for TS1/cmr/m/n on input line 5.
LaTeX Font Info:    ... okay on input line 5.
LaTeX Font Info:    Checking defaults for OMX/cmex/m/n on input line 5.
LaTeX Font Info:    ... okay on input line 5.
LaTeX Font Info:    Checking defaults for U/cmr/m/n on input line 5.
LaTeX Font Info:    ... okay on input line 5.

*geometry* driver: auto-detecting
*geometry* detected driver: pdftex
*geometry* verbose mode - [ preamble ] result:
* driver: pdftex
* paper: custom
* layout: <same size as paper>
* layoutoffset:(h,v)=(0.0pt,0.0pt)
* modes: 
* h-part:(L,W,R)=(0.0pt, 845.04684pt, 0.0pt)
* v-part:(T,H,B)=(0.0pt, 597.50787pt, 0.0pt)
* \paperwidth=845.04684pt
* \paperheight=597.50787pt
* \textwidth=845.04684pt
* \textheight=597.50787pt
* \oddsidemargin=-72.26999pt
* \evensidemargin=-72.26999pt
* \topmargin=-109.26999pt
* \headheight=12.0pt
* \headsep=25.0pt
* \topskip=10.0pt
* \footskip=30.0pt
* \marginparwidth=65.0pt
* \marginparsep=11.0pt
* \columnsep=10.0pt
* \skip\footins=9.0pt plus 4.0pt minus 2.0pt
* \hoffset=0.0pt
* \voffset=0.0pt
* \mag=1000
* \@twocolumnfalse
* \@twosidefalse
* \@mparswitchfalse
* \@reversemarginfalse
* (1in=72.27pt=25.4mm, 1cm=28.453pt)

(D:\MiKTeX\tex/context/base/mkii\supp-pdf.mkii
[Loading MPS to PDF converter (version 2006.09.02).]
\scratchcounter=\count267
\scratchdimen=\dimen156
\scratchbox=\box53
\nofMPsegments=\count268
\nofMParguments=\count269
\everyMPshowfont=\toks20
\MPscratchCnt=\count270
\MPscratchDim=\dimen157
\MPnumerator=\count271
\makeMPintoPDFobject=\count272
\everyMPtoPDFconversion=\toks21
) (D:\MiKTeX\tex/latex/epstopdf-pkg\epstopdf-base.sty
Package: epstopdf-base 2020-01-24 v2.11 Base part for package epstopdf
Package epstopdf-base Info: Redefining graphics rule for `.eps' on input line 4
85.

(D:\MiKTeX\tex/latex/00miktex\epstopdf-sys.cfg
File: epstopdf-sys.cfg 2021/03/18 v2.0 Configuration of epstopdf for MiKTeX
))
(D:\MiKTeX\tex/latex/pdflscape\pdflscape.sty
Package: pdflscape 2019/12/05 v0.12 Display of landscape pages in PDF (HO)

(D:\MiKTeX\tex/latex/graphics\lscape.sty
Package: lscape 2020/05/28 v3.02 Landscape Pages (DPC)
)
Package pdflscape Info: Auto-detected driver: pdftex on input line 81.
)
<archery_scoring_table.pdf, id=1, 845.0471pt x 597.50829pt>
File: archery_scoring_table.pdf Graphic file (type pdf)
<use archery_scoring_table.pdf>
Package pdftex.def Info: archery_scoring_table.pdf  used on input line 6.
(pdftex.def)             Requested size: 845.04504pt x 597.50682pt.
File: archery_scoring_table.pdf Graphic file (type pdf)
<use archery_scoring_table.pdf>
Package pdftex.def Info: archery_scoring_table.pdf  used on input line 6.
(pdftex.def)             Requested size: 845.04504pt x 597.50682pt.
<archery_scoring_table.pdf, id=4, page=2, 845.0471pt x 597.50829pt>
File: archery_scoring_table.pdf Graphic file (type pdf)
<use archery_scoring_table.pdf, page 2>
Package pdftex.def Info: archery_scoring_table.pdf , page2 used on input line 6
.
(pdftex.def)             Requested size: 845.04504pt x 597.50682pt.
File: archery_scoring_table.pdf Graphic file (type pdf)
<use archery_scoring_table.pdf, page 2>
Package pdftex.def Info: archery_scoring_table.pdf , page2 used on input line 6
.
(pdftex.def)             Requested size: 845.08372pt x 597.53416pt.
File: archery_scoring_table.pdf Graphic file (type pdf)
<use archery_scoring_table.pdf, page 2>
Package pdftex.def Info: archery_scoring_table.pdf , page2 used on input line 6
.
(pdftex.def)             Requested size: 845.08372pt x 597.53416pt.
File: archery_scoring_table.pdf Graphic file (type pdf)
<use archery_scoring_table.pdf, page 2>
Package pdftex.def Info: archery_scoring_table.pdf , page2 used on input line 6
.
(pdftex.def)             Requested size: 845.08372pt x 597.53416pt.
File: archery_scoring_table.pdf Graphic file (type pdf)
<use archery_scoring_table.pdf, page 2>
Package pdftex.def Info: archery_scoring_table.pdf , page2 used on input line 6
.
(pdftex.def)             Requested size: 845.08372pt x 597.53416pt.
 [1

 <./archery_scoring_table.pdf{C:/Users/lsanc/AppData/Local/MiKTeX/fonts/map/pdf
tex/pdftex.map}>]
(archery_scoring_table _2.aux) ) 
Here is how much of TeX's memory you used:
 3177 strings out of 478659
 49722 string characters out of 2862405
 356484 words of memory out of 3000000
 21283 multiletter control sequences out of 15000+600000
 403430 words of font info for 27 fonts, out of 8000000 for 9000
 1141 hyphenation exceptions out of 8191
 70i,17n,76p,246b,420s stack positions out of 5000i,500n,10000p,200000b,80000s
<D:/MiKTeX/fonts/type1/public/amsfonts/cm/cmbx1
2.pfb><D:/MiKTeX/fonts/type1/public/amsfonts/cm/cmr10.pfb>
Output written on "archery_scoring_table _2.pdf" (1 page, 26084 bytes).
PDF statistics:
 25 PDF objects out of 1000 (max. 8388607)
 0 named destinations out of 1000 (max. 500000)
 21 words of extra memory for PDF output out of 10000 (max. 10000000)

